This is pdfTeX, Version 3.14159265-2.6-1.40.16 (TeX Live 2015/Debian) (preloaded format=pdflatex 2018.2.5)  1 MAR 2018 04:08
entering extended mode
 restricted \write18 enabled.
 %&-line parsing enabled.
**\documentclass[12pt,paper=a4paper,english]{exam}

*\usepackage[english]{babel}

! LaTeX Error: File `exam.cls' not found.

Type X to quit or <RETURN> to proceed,
or enter new name. (Default extension: cls)

Enter file name: \usepackage[ddmmyyyy]{datetime}
! Undefined control sequence.
\filename@simple ...#2\\}\fi \edef \filename@base 
                                                  {#1}
<*> \usepackage
               [english]{babel}
? \usepackage{graphicx}
Type <return> to proceed, S to scroll future error messages,
R to run without stopping, Q to run quietly,
I to insert something, 
1 or ... or 9 to ignore the next 1 to 9 tokens of input,
H for help, X to quit.
? \usepackage{grffile}
Type <return> to proceed, S to scroll future error messages,
R to run without stopping, Q to run quietly,
I to insert something, 
1 or ... or 9 to ignore the next 1 to 9 tokens of input,
H for help, X to quit.
? \usepackage{amsmath,amssymb}
Type <return> to proceed, S to scroll future error messages,
R to run without stopping, Q to run quietly,
I to insert something, 
1 or ... or 9 to ignore the next 1 to 9 tokens of input,
H for help, X to quit.
? \usepackage{multicol}
Type <return> to proceed, S to scroll future error messages,
R to run without stopping, Q to run quietly,
I to insert something, 
1 or ... or 9 to ignore the next 1 to 9 tokens of input,
H for help, X to quit.
? \newcommand{\examdate}{\today}
Type <return> to proceed, S to scroll future error messages,
R to run without stopping, Q to run quietly,
I to insert something, 
1 or ... or 9 to ignore the next 1 to 9 tokens of input,
H for help, X to quit.
? \pagestyle{head}
Type <return> to proceed, S to scroll future error messages,
R to run without stopping, Q to run quietly,
I to insert something, 
1 or ... or 9 to ignore the next 1 to 9 tokens of input,
H for help, X to quit.
? \runningheader{CIOC}{Page \thepage\ of \numpages}{\examdate}
Type <return> to proceed, S to scroll future error messages,
R to run without stopping, Q to run quietly,
I to insert something, 
1 or ... or 9 to ignore the next 1 to 9 tokens of input,
H for help, X to quit.
? \runningheadrule
Type <return> to proceed, S to scroll future error messages,
R to run without stopping, Q to run quietly,
I to insert something, 
1 or ... or 9 to ignore the next 1 to 9 tokens of input,
H for help, X to quit.
? \begin{document}
Type <return> to proceed, S to scroll future error messages,
R to run without stopping, Q to run quietly,
I to insert something, 
1 or ... or 9 to ignore the next 1 to 9 tokens of input,
H for help, X to quit.
? \renewcommand{\dateseparator}{-}
Type <return> to proceed, S to scroll future error messages,
R to run without stopping, Q to run quietly,
I to insert something, 
1 or ... or 9 to ignore the next 1 to 9 tokens of input,
H for help, X to quit.
? \begin{center}
Type <return> to proceed, S to scroll future error messages,
R to run without stopping, Q to run quietly,
I to insert something, 
1 or ... or 9 to ignore the next 1 to 9 tokens of input,
H for help, X to quit.
? \textsc{\Large CIOC FMCG Pvt.Ltd.}\par
Type <return> to proceed, S to scroll future error messages,
R to run without stopping, Q to run quietly,
I to insert something, 
1 or ... or 9 to ignore the next 1 to 9 tokens of input,
H for help, X to quit.
? \Large Question Paper\par
Type <return> to proceed, S to scroll future error messages,
R to run without stopping, Q to run quietly,
I to insert something, 
1 or ... or 9 to ignore the next 1 to 9 tokens of input,
H for help, X to quit.
? \end{center}
Type <return> to proceed, S to scroll future error messages,
R to run without stopping, Q to run quietly,
I to insert something, 
1 or ... or 9 to ignore the next 1 to 9 tokens of input,
H for help, X to quit.
? \vspace{1cm}
Type <return> to proceed, S to scroll future error messages,
R to run without stopping, Q to run quietly,
I to insert something, 
1 or ... or 9 to ignore the next 1 to 9 tokens of input,
H for help, X to quit.
? \noindent
Type <return> to proceed, S to scroll future error messages,
R to run without stopping, Q to run quietly,
I to insert something, 
1 or ... or 9 to ignore the next 1 to 9 tokens of input,
H for help, X to quit.
? \begin{tabular}{@{}p{.40\textwidth}@{\hspace{6cm}}p{.40\textwidth}@{}}
Type <return> to proceed, S to scroll future error messages,
R to run without stopping, Q to run quietly,
I to insert something, 
1 or ... or 9 to ignore the next 1 to 9 tokens of input,
H for help, X to quit.
? \textbf Name : & \textbf Marks :\\\\
Type <return> to proceed, S to scroll future error messages,
R to run without stopping, Q to run quietly,
I to insert something, 
1 or ... or 9 to ignore the next 1 to 9 tokens of input,
H for help, X to quit.
? \textbf Time : 60 minutes & \textbf  Date :{\examdate}\\ % Date
Type <return> to proceed, S to scroll future error messages,
R to run without stopping, Q to run quietly,
I to insert something, 
1 or ... or 9 to ignore the next 1 to 9 tokens of input,
H for help, X to quit.
? \end{tabular}\par
Type <return> to proceed, S to scroll future error messages,
R to run without stopping, Q to run quietly,
I to insert something, 
1 or ... or 9 to ignore the next 1 to 9 tokens of input,
H for help, X to quit.
? \vspace{0.7cm}
Type <return> to proceed, S to scroll future error messages,
R to run without stopping, Q to run quietly,
I to insert something, 
1 or ... or 9 to ignore the next 1 to 9 tokens of input,
H for help, X to quit.
? \noindent\fbox{%
Type <return> to proceed, S to scroll future error messages,
R to run without stopping, Q to run quietly,
I to insert something, 
1 or ... or 9 to ignore the next 1 to 9 tokens of input,
H for help, X to quit.
?    \parbox{1\textwidth}{%
Type <return> to proceed, S to scroll future error messages,
R to run without stopping, Q to run quietly,
I to insert something, 
1 or ... or 9 to ignore the next 1 to 9 tokens of input,
H for help, X to quit.
? 	\textsc\\
Type <return> to proceed, S to scroll future error messages,
R to run without stopping, Q to run quietly,
I to insert something, 
1 or ... or 9 to ignore the next 1 to 9 tokens of input,
H for help, X to quit.
?        \textbf {\Large  Instructions :}\par
Type <return> to proceed, S to scroll future error messages,
R to run without stopping, Q to run quietly,
I to insert something, 
1 or ... or 9 to ignore the next 1 to 9 tokens of input,
H for help, X to quit.
?        \hspace {0.3cm} 1. Don't use "pen".\par
Type <return> to proceed, S to scroll future error messages,
R to run without stopping, Q to run quietly,
I to insert something, 
1 or ... or 9 to ignore the next 1 to 9 tokens of input,
H for help, X to quit.
?        \hspace {0.3cm} 2. Don't use calculaters and electronic gadgets.\par
Type <return> to proceed, S to scroll future error messages,
R to run without stopping, Q to run quietly,
I to insert something, 
1 or ... or 9 to ignore the next 1 to 9 tokens of input,
H for help, X to quit.
?        \hspace {0.3cm} 3. Don't do copy.\par
Type <return> to proceed, S to scroll future error messages,
R to run without stopping, Q to run quietly,
I to insert something, 
1 or ... or 9 to ignore the next 1 to 9 tokens of input,
H for help, X to quit.
?        \hspace {0.3cm} 4. All the best.\par\
Type <return> to proceed, S to scroll future error messages,
R to run without stopping, Q to run quietly,
I to insert something, 
1 or ... or 9 to ignore the next 1 to 9 tokens of input,
H for help, X to quit.
?     }%
Type <return> to proceed, S to scroll future error messages,
R to run without stopping, Q to run quietly,
I to insert something, 
1 or ... or 9 to ignore the next 1 to 9 tokens of input,
H for help, X to quit.
? }
Type <return> to proceed, S to scroll future error messages,
R to run without stopping, Q to run quietly,
I to insert something, 
1 or ... or 9 to ignore the next 1 to 9 tokens of input,
H for help, X to quit.
? \vspace{0.5cm}
Type <return> to proceed, S to scroll future error messages,
R to run without stopping, Q to run quietly,
I to insert something, 
1 or ... or 9 to ignore the next 1 to 9 tokens of input,
H for help, X to quit.
? 
! Undefined control sequence.
\filename@simple ...#2\\}\fi \edef \filename@base 
                                                  {#1}
<*> \usepackage
               [english]{babel}
? \begin{questions}
Type <return> to proceed, S to scroll future error messages,
R to run without stopping, Q to run quietly,
I to insert something, 
1 or ... or 9 to ignore the next 1 to 9 tokens of input,
H for help, X to quit.
? 
! Undefined control sequence.
\filename@simple ...#2\\}\fi \edef \filename@base 
                                                  {#1}
<*> \usepackage
               [english]{babel}
? \question Is it true that \(x^n + y^n = z^n\) if \(x,y,z\) and \(n\) are posi
tive integers?. Explain.\par\hspace{14.2cm}
Type <return> to proceed, S to scroll future error messages,
R to run without stopping, Q to run quietly,
I to insert something, 
1 or ... or 9 to ignore the next 1 to 9 tokens of input,
H for help, X to quit.
? 
! Undefined control sequence.
\filename@simple ...#2\\}\fi \edef \filename@base 
                                                  {#1}
<*> \usepackage
               [english]{babel}
? 
! Undefined control sequence.
\filename@simple ...#2\\}\fi \edef \filename@base 
                                                  {#1}
<*> \usepackage
               [english]{babel}
? 
! Undefined control sequence.
\filename@simple ...#2\\}\fi \edef \filename@base 
                                                  {#1}
<*> \usepackage
               [english]{babel}
? \question What is the function for grand unified theory?\par\hspace{14.2cm}
Type <return> to proceed, S to scroll future error messages,
R to run without stopping, Q to run quietly,
I to insert something, 
1 or ... or 9 to ignore the next 1 to 9 tokens of input,
H for help, X to quit.
? 
! Undefined control sequence.
\filename@simple ...#2\\}\fi \edef \filename@base 
                                                  {#1}
<*> \usepackage
               [english]{babel}
? 
! Undefined control sequence.
\filename@simple ...#2\\}\fi \edef \filename@base 
                                                  {#1}
<*> \usepackage
               [english]{babel}
? 
! Undefined control sequence.
\filename@simple ...#2\\}\fi \edef \filename@base 
                                                  {#1}
<*> \usepackage
               [english]{babel}
? \end{questions}
Type <return> to proceed, S to scroll future error messages,
R to run without stopping, Q to run quietly,
I to insert something, 
1 or ... or 9 to ignore the next 1 to 9 tokens of input,
H for help, X to quit.
? \end{document}
Type <return> to proceed, S to scroll future error messages,
R to run without stopping, Q to run quietly,
I to insert something, 
1 or ... or 9 to ignore the next 1 to 9 tokens of input,
H for help, X to quit.
? 
! Undefined control sequence.
\filename@simple ...#2\\}\fi \edef \filename@base 
                                                  {#1}
<*> \usepackage
               [english]{babel}
? 
! Emergency stop.
\filename@simple ...#2\\}\fi \edef \filename@base 
                                                  {#1}
<*> \usepackage
               [english]{babel}
End of file on the terminal!

 
Here is how much of TeX's memory you used:
 7 strings out of 494953
 147 string characters out of 6180978
 45171 words of memory out of 5000000
 3393 multiletter control sequences out of 15000+600000
 3640 words of font info for 14 fonts, out of 8000000 for 9000
 14 hyphenation exceptions out of 8191
 37i,0n,56p,151b,8s stack positions out of 5000i,500n,10000p,200000b,80000s
!  ==> Fatal error occurred, no output PDF file produced!
